----------------------------------------------------------------
Tue Oct 25 21:59:58 NZDT 2022:
Booting Derby version The Apache Software----------------------------------------------------------------
Tue Oct 25 22:00:30 NZDT 2022:
Booting Derby version The Apache Software Foundation - Apache Derby - 10.14.2.0 - (1828579): instance a816c00e-0184-0e5e-3a87-0000711f4e57 
on database directory D:\GitHub here\CZYLFG_PDC_Project_2\CZYLFG_Project_2\InvSysDB_ebd with class loader sun.misc.Launcher$AppClassLoader@1d44bcfa 
Loaded from file:/D:/GitHub%20here/CZYLFG_PDC_Project_2/CZYLFG_Project_2/db-derby-10.14.2.0-bin/lib/derby.jar
java.vendor=Oracle Corporation
java.runtime.version=1.8.0_341-b10
user.dir=D:\GitHub here\CZYLFG_PDC_Project_2\CZYLFG_Project_2\db-derby-10.14.2.0-bin
os.name=Windows 10
os.arch=amd64
os.version=10.0
derby.system.home=D:\GitHub here\CZYLFG_PDC_Project_2\CZYLFG_Project_2
Database Class Loader started - derby.database.classpath=''
----------------------------------------------------------------
Tue Oct 25 23:03:16 NZDT 2022: Shutting down Derby engine
----------------------------------------------------------------
Tue Oct 25 23:03:16 NZDT 2022:
Shutting down instance a816c00e-0184-0e5e-3a87-0000711f4e57 on database directory D:\GitHub here\CZYLFG_PDC_Project_2\CZYLFG_Project_2\InvSysDB_ebd with class loader sun.misc.Launcher$AppClassLoader@1d44bcfa 
----------------------------------------------------------------
